<?xml version="1.0" encoding="UTF-8"?>
<!-- Generated by org.testng.reporters.JUnitXMLReporter -->
<testsuite ignored="0" hostname="Pravanjans-MacBook-Air.local" failures="0" tests="6" name="Surefire test" time="0.058" errors="0" timestamp="2020-06-02T19:13:13 IST">
  <testcase classname="qaclickacademy.Mavenjava.AppiumTest" name="IOSApp" time="0.005"/>
  <testcase classname="qaclickacademy.Mavenjava.AppiumTest" name="NativeAppAndroid" time="0.001"/>
  <testcase classname="qaclickacademy.Mavenjava.SeleniumTest" name="BrowserAutomation" time="0.001"/>
  <testcase classname="qaclickacademy.Mavenjava.SeleniumTest" name="elementsui" time="0.001"/>
  <testcase classname="qaclickacademy.Mavenjava.RESTAPITest" name="deleteTweeter" time="0.0"/>
  <testcase classname="qaclickacademy.Mavenjava.RESTAPITest" name="postJira" time="0.0"/>
</testsuite> <!-- Surefire test -->
