<?xml version="1.0" encoding="UTF-8"?>
<testng-results ignored="0" total="6" passed="6" failed="0" skipped="0">
  <reporter-output>
  </reporter-output>
  <suite started-at="2020-06-07T07:02:14 IST" name="Suite" finished-at="2020-06-07T07:02:14 IST" duration-ms="81">
    <groups>
    </groups>
    <test started-at="2020-06-07T07:02:14 IST" name="Test" finished-at="2020-06-07T07:02:14 IST" duration-ms="81">
      <class name="qaclickacademy.Mavenjava.AppiumTest">
        <test-method signature="IOSApp()[pri:0, instance:qaclickacademy.Mavenjava.AppiumTest@4d339552]" started-at="2020-06-07T07:02:14 IST" name="IOSApp" finished-at="2020-06-07T07:02:14 IST" duration-ms="0" status="PASS">
          <reporter-output>
          </reporter-output>
        </test-method> <!-- IOSApp -->
        <test-method signature="NativeAppAndroid()[pri:0, instance:qaclickacademy.Mavenjava.AppiumTest@4d339552]" started-at="2020-06-07T07:02:14 IST" name="NativeAppAndroid" finished-at="2020-06-07T07:02:14 IST" duration-ms="0" status="PASS">
          <reporter-output>
          </reporter-output>
        </test-method> <!-- NativeAppAndroid -->
      </class> <!-- qaclickacademy.Mavenjava.AppiumTest -->
      <class name="qaclickacademy.Mavenjava.RESTAPITest">
        <test-method signature="deleteTweeter()[pri:0, instance:qaclickacademy.Mavenjava.RESTAPITest@69b794e2]" started-at="2020-06-07T07:02:14 IST" name="deleteTweeter" finished-at="2020-06-07T07:02:14 IST" duration-ms="9" status="PASS">
          <reporter-output>
          </reporter-output>
        </test-method> <!-- deleteTweeter -->
        <test-method signature="postJira()[pri:0, instance:qaclickacademy.Mavenjava.RESTAPITest@69b794e2]" started-at="2020-06-07T07:02:14 IST" name="postJira" finished-at="2020-06-07T07:02:14 IST" duration-ms="1" status="PASS">
          <reporter-output>
          </reporter-output>
        </test-method> <!-- postJira -->
      </class> <!-- qaclickacademy.Mavenjava.RESTAPITest -->
      <class name="qaclickacademy.Mavenjava.SeleniumTest">
        <test-method signature="BrowserAutomation()[pri:0, instance:qaclickacademy.Mavenjava.SeleniumTest@3f200884]" started-at="2020-06-07T07:02:14 IST" name="BrowserAutomation" finished-at="2020-06-07T07:02:14 IST" duration-ms="0" status="PASS">
          <reporter-output>
          </reporter-output>
        </test-method> <!-- BrowserAutomation -->
        <test-method signature="elementsui()[pri:0, instance:qaclickacademy.Mavenjava.SeleniumTest@3f200884]" started-at="2020-06-07T07:02:14 IST" name="elementsui" finished-at="2020-06-07T07:02:14 IST" duration-ms="0" status="PASS">
          <reporter-output>
          </reporter-output>
        </test-method> <!-- elementsui -->
      </class> <!-- qaclickacademy.Mavenjava.SeleniumTest -->
    </test> <!-- Test -->
  </suite> <!-- Suite -->
</testng-results>
